Using pre-set license
Built from '2020.3/staging' branch; Version is '2020.3.19f1 (68f137dc9bbe) revision 6877495'; Using compiler version '192528614'; Build Type 'Release'
OS: 'Windows 10 Pro; OS build 19042.1237; Version 2009; 64bit' Language: 'en' Physical Memory: 8189 MB
BatchMode: 1, IsHumanControllingUs: 0, StartBugReporterOnCrash: 0, Is64bit: 1, IsPro: 0

COMMAND LINE ARGUMENTS:
H:\Unity 2020.3.19f\Unity\Editor\Unity.exe
-adb2
-batchMode
-noUpm
-name
AssetImportWorker0
-projectPath
J:/Mesh-main/Mesh-main
-logFile
Logs/AssetImportWorker0.log
-srvPort
59703
Successfully changed project path to: J:/Mesh-main/Mesh-main
J:/Mesh-main/Mesh-main
Using Asset Import Pipeline V2.
Refreshing native plugins compatible for Editor in 190.15 ms, found 3 plugins.
Preloading 0 native plugins for Editor in 0.00 ms.
Initialize engine version: 2020.3.19f1 (68f137dc9bbe)
[Subsystems] Discovering subsystems at path H:/Unity 2020.3.19f/Unity/Editor/Data/Resources/UnitySubsystems
[Subsystems] Discovering subsystems at path J:/Mesh-main/Mesh-main/Assets
GfxDevice: creating device client; threaded=0
Direct3D:
    Version:  Direct3D 11.0 [level 11.1]
    Renderer: NVIDIA GeForce GTX 1060 3GB (ID=0x1c02)
    Vendor:   
    VRAM:     2988 MB
    Driver:   30.0.14.7212
Initialize mono
Mono path[0] = 'H:/Unity 2020.3.19f/Unity/Editor/Data/Managed'
Mono path[1] = 'H:/Unity 2020.3.19f/Unity/Editor/Data/MonoBleedingEdge/lib/mono/unityjit'
Mono config path = 'H:/Unity 2020.3.19f/Unity/Editor/Data/MonoBleedingEdge/etc'
Using monoOptions --debugger-agent=transport=dt_socket,embedding=1,server=y,suspend=n,address=127.0.0.1:56596
Begin MonoManager ReloadAssembly
Registering precompiled unity dll's ...
Register platform support module: H:/Unity 2020.3.19f/Unity/Editor/Data/PlaybackEngines/WindowsStandaloneSupport/UnityEditor.WindowsStandalone.Extensions.dll
Registered in 0.001940 seconds.
Native extension for WindowsStandalone target not found
Refreshing native plugins compatible for Editor in 201.87 ms, found 3 plugins.
Preloading 0 native plugins for Editor in 0.00 ms.
Mono: successfully reloaded assembly
- Completed reload, in  7.227 seconds
Domain Reload Profiling:
	ReloadAssembly (7227ms)
		BeginReloadAssembly (119ms)
			ExecutionOrderSort (0ms)
			DisableScriptedObjects (0ms)
			BackupInstance (0ms)
			ReleaseScriptingObjects (1ms)
			CreateAndSetChildDomain (2ms)
		EndReloadAssembly (1016ms)
			LoadAssemblies (116ms)
			RebuildTransferFunctionScriptingTraits (0ms)
			SetupTypeCache (307ms)
			ReleaseScriptCaches (0ms)
			RebuildScriptCaches (59ms)
			SetupLoadedEditorAssemblies (519ms)
				LogAssemblyErrors (0ms)
				InitializePlatformSupportModulesInManaged (10ms)
				SetLoadedEditorAssemblies (0ms)
				RefreshPlugins (202ms)
				BeforeProcessingInitializeOnLoad (45ms)
				ProcessInitializeOnLoadAttributes (182ms)
				ProcessInitializeOnLoadMethodAttributes (80ms)
				AfterProcessingInitializeOnLoad (0ms)
				EditorAssembliesLoaded (0ms)
			ExecutionOrderSort2 (0ms)
			AwakeInstancesAfterBackupRestoration (0ms)
Platform modules already initialized, skipping
Registering precompiled user dll's ...
Registered in 0.041038 seconds.
Begin MonoManager ReloadAssembly
Symbol file LoadedFromMemory doesn't match image J:\Mesh-main\Mesh-main\Library\PackageCache\com.unity.visualscripting@1.6.1\Editor\VisualScripting.Core\Dependencies\YamlDotNet\Unity.VisualScripting.YamlDotNet.dll
Symbol file LoadedFromMemory doesn't match image J:\Mesh-main\Mesh-main\Library\PackageCache\com.unity.visualscripting@1.6.1\Editor\VisualScripting.Core\Dependencies\DotNetZip\Unity.VisualScripting.IonicZip.dll
Native extension for WindowsStandalone target not found
Refreshing native plugins compatible for Editor in 0.98 ms, found 3 plugins.
Preloading 0 native plugins for Editor in 0.00 ms.
Mono: successfully reloaded assembly
- Completed reload, in  1.901 seconds
Domain Reload Profiling:
	ReloadAssembly (1902ms)
		BeginReloadAssembly (249ms)
			ExecutionOrderSort (0ms)
			DisableScriptedObjects (9ms)
			BackupInstance (0ms)
			ReleaseScriptingObjects (0ms)
			CreateAndSetChildDomain (27ms)
		EndReloadAssembly (1556ms)
			LoadAssemblies (156ms)
			RebuildTransferFunctionScriptingTraits (0ms)
			SetupTypeCache (584ms)
			ReleaseScriptCaches (1ms)
			RebuildScriptCaches (89ms)
			SetupLoadedEditorAssemblies (565ms)
				LogAssemblyErrors (0ms)
				InitializePlatformSupportModulesInManaged (8ms)
				SetLoadedEditorAssemblies (1ms)
				RefreshPlugins (1ms)
				BeforeProcessingInitializeOnLoad (181ms)
				ProcessInitializeOnLoadAttributes (362ms)
				ProcessInitializeOnLoadMethodAttributes (8ms)
				AfterProcessingInitializeOnLoad (5ms)
				EditorAssembliesLoaded (0ms)
			ExecutionOrderSort2 (0ms)
			AwakeInstancesAfterBackupRestoration (11ms)
Platform modules already initialized, skipping
========================================================================
Worker process is ready to serve import requests
Launched and connected shader compiler UnityShaderCompiler.exe after 0.22 seconds
Refreshing native plugins compatible for Editor in 0.98 ms, found 3 plugins.
Preloading 0 native plugins for Editor in 0.00 ms.
Unloading 2955 Unused Serialized files (Serialized files now loaded: 0)
System memory in use before: 105.0 MB.
System memory in use after: 105.2 MB.

Unloading 22 unused Assets to reduce memory usage. Loaded Objects now: 3391.
Total: 5.537500 ms (FindLiveObjects: 0.421500 ms CreateObjectMapping: 0.180800 ms MarkObjects: 4.473600 ms  DeleteObjects: 0.459200 ms)

AssetImportParameters requested are different than current active one (requested -> active):
  custom:framework-win-MediaFoundation: 216162199b28c13a410421893ffa2e32 -> 
  custom:video-decoder-ogg-theora: a1e56fd34408186e4bbccfd4996cb3dc -> 
  custom:container-muxer-webm: aa71ff27fc2769a1b78a27578f13a17b -> 
  custom:container-demuxer-webm: 4f35f7cbe854078d1ac9338744f61a02 -> 
  custom:container-demuxer-ogg: 62fdf1f143b41e24485cea50d1cbac27 -> 
  custom:video-encoder-webm-vp8: eb34c28f22e8b96e1ab97ce403110664 -> 
  custom:video-decoder-webm-vp8: 9c59270c3fd7afecdb556c50c9e8de78 -> 
  custom:audio-decoder-ogg-vorbis: bf7c407c2cedff20999df2af8eb42d56 -> 
  custom:audio-encoder-webm-vorbis: bf7c407c2cedff20999df2af8eb42d56 -> 
========================================================================
Received Import Request.
  path: Assets/Trees Ambient-Occlusion/Alder.fbx
  artifactKey: Guid(25fa881dbd110e38a00062d88f962b59) Importer(815301076,1909f56bfc062723c751e8b465ee728b)
Start importing Assets/Trees Ambient-Occlusion/Alder.fbx using Guid(25fa881dbd110e38a00062d88f962b59) Importer(815301076,1909f56bfc062723c751e8b465ee728b)  -> (artifact id: '1b7f042eff3058f170c25afdbba68abd') in 0.459324 seconds 
  Import took 0.478081 seconds .

========================================================================
Received Import Request.
  Time since last request: 0.000598 seconds.
  path: Assets/Trees Ambient-Occlusion/Materials
  artifactKey: Guid(e69553699f0d8a041917150d2f80ee80) Importer(815301076,1909f56bfc062723c751e8b465ee728b)
Start importing Assets/Trees Ambient-Occlusion/Materials using Guid(e69553699f0d8a041917150d2f80ee80) Importer(815301076,1909f56bfc062723c751e8b465ee728b)  -> (artifact id: '5b86c340d51fa3bf06e0e471428742bf') in 0.010036 seconds 
  Import took 0.025811 seconds .

========================================================================
Received Import Request.
  Time since last request: 9.056644 seconds.
  path: Assets/Trees Ambient-Occlusion/Palm.fbx
  artifactKey: Guid(02e48269f8d554fbca75435761452392) Importer(815301076,1909f56bfc062723c751e8b465ee728b)
Start importing Assets/Trees Ambient-Occlusion/Palm.fbx using Guid(02e48269f8d554fbca75435761452392) Importer(815301076,1909f56bfc062723c751e8b465ee728b)  -> (artifact id: 'fd0d2d3593bdc6e0b1ed99f5cc826636') in 0.039878 seconds 
  Import took 0.056393 seconds .

========================================================================
Received Import Request.
  Time since last request: 1.355434 seconds.
  path: Assets/Enemy 1.prefab
  artifactKey: Guid(bdb86b10ee9b44641a84f6fa85ece380) Importer(815301076,1909f56bfc062723c751e8b465ee728b)
Start importing Assets/Enemy 1.prefab using Guid(bdb86b10ee9b44641a84f6fa85ece380) Importer(815301076,1909f56bfc062723c751e8b465ee728b)  -> (artifact id: '8ad9db480ac0a43bcd27e64d49583df3') in 0.040545 seconds 
  Import took 0.060429 seconds .

========================================================================
Received Import Request.
  Time since last request: 6.520537 seconds.
  path: Assets/Trees Ambient-Occlusion/Materials/alder-alderbark.mat
  artifactKey: Guid(2e2c881dbd110e38a00062d88f962b59) Importer(815301076,1909f56bfc062723c751e8b465ee728b)
Start importing Assets/Trees Ambient-Occlusion/Materials/alder-alderbark.mat using Guid(2e2c881dbd110e38a00062d88f962b59) Importer(815301076,1909f56bfc062723c751e8b465ee728b)  -> (artifact id: '515f3b369cd9cde6de482f81c3e395cc') in 0.089333 seconds 
  Import took 0.108817 seconds .

========================================================================
Received Import Request.
  Time since last request: 0.000375 seconds.
  path: Assets/Trees Ambient-Occlusion/Materials/alderbranches.mat
  artifactKey: Guid(2b4c881dbd110e38a00062d88f962b59) Importer(815301076,1909f56bfc062723c751e8b465ee728b)
Start importing Assets/Trees Ambient-Occlusion/Materials/alderbranches.mat using Guid(2b4c881dbd110e38a00062d88f962b59) Importer(815301076,1909f56bfc062723c751e8b465ee728b)  -> (artifact id: '19af855dc2220b11a530ff52e6b201a8') in 0.040722 seconds 
  Import took 0.051614 seconds .

========================================================================
Received Import Request.
  Time since last request: 0.000281 seconds.
  path: Assets/Trees Ambient-Occlusion/Materials/palmbranch.mat
  artifactKey: Guid(6e0a1c8ecd118f12a000e6888f962b59) Importer(815301076,1909f56bfc062723c751e8b465ee728b)
Start importing Assets/Trees Ambient-Occlusion/Materials/palmbranch.mat using Guid(6e0a1c8ecd118f12a000e6888f962b59) Importer(815301076,1909f56bfc062723c751e8b465ee728b)  -> (artifact id: 'a7fe3620b75beeb405d269b11a1005de') in 0.026020 seconds 
  Import took 0.049176 seconds .

========================================================================
Received Import Request.
  Time since last request: 0.000244 seconds.
  path: Assets/Trees Ambient-Occlusion/Materials/palmbark.mat
  artifactKey: Guid(8ce91c8ecd118f12a000e6888f962b59) Importer(815301076,1909f56bfc062723c751e8b465ee728b)
Start importing Assets/Trees Ambient-Occlusion/Materials/palmbark.mat using Guid(8ce91c8ecd118f12a000e6888f962b59) Importer(815301076,1909f56bfc062723c751e8b465ee728b)  -> (artifact id: 'e22689e295cd73c95fa70499649ee237') in 0.027126 seconds 
  Import took 0.043836 seconds .

========================================================================
Received Import Request.
  Time since last request: 58.163295 seconds.
  path: Assets/Enemy 1.prefab
  artifactKey: Guid(bdb86b10ee9b44641a84f6fa85ece380) Importer(815301076,1909f56bfc062723c751e8b465ee728b)
Start importing Assets/Enemy 1.prefab using Guid(bdb86b10ee9b44641a84f6fa85ece380) Importer(815301076,1909f56bfc062723c751e8b465ee728b)  -> (artifact id: 'ca8925c6472bf5d597769f92ce794ff5') in 0.021836 seconds 
  Import took 0.040342 seconds .

========================================================================
Received Import Request.
  Time since last request: 7.311688 seconds.
  path: Assets/Misc.prefab
  artifactKey: Guid(bdb86b10ee9b44641a84f6fa85ece380) Importer(815301076,1909f56bfc062723c751e8b465ee728b)
Start importing Assets/Misc.prefab using Guid(bdb86b10ee9b44641a84f6fa85ece380) Importer(815301076,1909f56bfc062723c751e8b465ee728b)  -> (artifact id: 'd95b8f032438a19384d588f50f709150') in 0.024457 seconds 
  Import took 0.051142 seconds .

========================================================================
Received Prepare
Registering precompiled user dll's ...
Registered in 0.011134 seconds.
Begin MonoManager ReloadAssembly
Symbol file LoadedFromMemory doesn't match image J:\Mesh-main\Mesh-main\Library\PackageCache\com.unity.visualscripting@1.6.1\Editor\VisualScripting.Core\Dependencies\YamlDotNet\Unity.VisualScripting.YamlDotNet.dll
Symbol file LoadedFromMemory doesn't match image J:\Mesh-main\Mesh-main\Library\PackageCache\com.unity.visualscripting@1.6.1\Editor\VisualScripting.Core\Dependencies\DotNetZip\Unity.VisualScripting.IonicZip.dll
Native extension for WindowsStandalone target not found
Refreshing native plugins compatible for Editor in 1.24 ms, found 3 plugins.
Preloading 0 native plugins for Editor in 0.00 ms.
Mono: successfully reloaded assembly
- Completed reload, in  3.337 seconds
Domain Reload Profiling:
	ReloadAssembly (3338ms)
		BeginReloadAssembly (275ms)
			ExecutionOrderSort (0ms)
			DisableScriptedObjects (9ms)
			BackupInstance (0ms)
			ReleaseScriptingObjects (0ms)
			CreateAndSetChildDomain (124ms)
		EndReloadAssembly (2917ms)
			LoadAssemblies (206ms)
			RebuildTransferFunctionScriptingTraits (0ms)
			SetupTypeCache (836ms)
			ReleaseScriptCaches (7ms)
			RebuildScriptCaches (117ms)
			SetupLoadedEditorAssemblies (1522ms)
				LogAssemblyErrors (0ms)
				InitializePlatformSupportModulesInManaged (10ms)
				SetLoadedEditorAssemblies (1ms)
				RefreshPlugins (1ms)
				BeforeProcessingInitializeOnLoad (483ms)
				ProcessInitializeOnLoadAttributes (1014ms)
				ProcessInitializeOnLoadMethodAttributes (8ms)
				AfterProcessingInitializeOnLoad (5ms)
				EditorAssembliesLoaded (0ms)
			ExecutionOrderSort2 (0ms)
			AwakeInstancesAfterBackupRestoration (13ms)
Platform modules already initialized, skipping
Refreshing native plugins compatible for Editor in 1.08 ms, found 3 plugins.
Preloading 0 native plugins for Editor in 0.00 ms.
Unloading 2949 Unused Serialized files (Serialized files now loaded: 0)
System memory in use before: 108.3 MB.
System memory in use after: 108.5 MB.

Unloading 17 unused Assets to reduce memory usage. Loaded Objects now: 3438.
Total: 4.622400 ms (FindLiveObjects: 0.439300 ms CreateObjectMapping: 0.185000 ms MarkObjects: 3.966100 ms  DeleteObjects: 0.029500 ms)

AssetImportParameters requested are different than current active one (requested -> active):
  custom:framework-win-MediaFoundation: 216162199b28c13a410421893ffa2e32 -> 
  custom:video-decoder-ogg-theora: a1e56fd34408186e4bbccfd4996cb3dc -> 
  custom:container-muxer-webm: aa71ff27fc2769a1b78a27578f13a17b -> 
  custom:container-demuxer-webm: 4f35f7cbe854078d1ac9338744f61a02 -> 
  custom:container-demuxer-ogg: 62fdf1f143b41e24485cea50d1cbac27 -> 
  custom:video-encoder-webm-vp8: eb34c28f22e8b96e1ab97ce403110664 -> 
  custom:video-decoder-webm-vp8: 9c59270c3fd7afecdb556c50c9e8de78 -> 
  custom:audio-decoder-ogg-vorbis: bf7c407c2cedff20999df2af8eb42d56 -> 
  custom:audio-encoder-webm-vorbis: bf7c407c2cedff20999df2af8eb42d56 -> 
========================================================================
Received Prepare
Registering precompiled user dll's ...
Registered in 0.007669 seconds.
Begin MonoManager ReloadAssembly
Symbol file LoadedFromMemory doesn't match image J:\Mesh-main\Mesh-main\Library\PackageCache\com.unity.visualscripting@1.6.1\Editor\VisualScripting.Core\Dependencies\YamlDotNet\Unity.VisualScripting.YamlDotNet.dll
Symbol file LoadedFromMemory doesn't match image J:\Mesh-main\Mesh-main\Library\PackageCache\com.unity.visualscripting@1.6.1\Editor\VisualScripting.Core\Dependencies\DotNetZip\Unity.VisualScripting.IonicZip.dll
Native extension for WindowsStandalone target not found
Refreshing native plugins compatible for Editor in 1.01 ms, found 3 plugins.
Preloading 0 native plugins for Editor in 0.00 ms.
Mono: successfully reloaded assembly
- Completed reload, in  2.003 seconds
Domain Reload Profiling:
	ReloadAssembly (2003ms)
		BeginReloadAssembly (197ms)
			ExecutionOrderSort (0ms)
			DisableScriptedObjects (11ms)
			BackupInstance (0ms)
			ReleaseScriptingObjects (0ms)
			CreateAndSetChildDomain (62ms)
		EndReloadAssembly (1699ms)
			LoadAssemblies (167ms)
			RebuildTransferFunctionScriptingTraits (0ms)
			SetupTypeCache (670ms)
			ReleaseScriptCaches (2ms)
			RebuildScriptCaches (107ms)
			SetupLoadedEditorAssemblies (559ms)
				LogAssemblyErrors (0ms)
				InitializePlatformSupportModulesInManaged (8ms)
				SetLoadedEditorAssemblies (1ms)
				RefreshPlugins (1ms)
				BeforeProcessingInitializeOnLoad (166ms)
				ProcessInitializeOnLoadAttributes (368ms)
				ProcessInitializeOnLoadMethodAttributes (8ms)
				AfterProcessingInitializeOnLoad (6ms)
				EditorAssembliesLoaded (0ms)
			ExecutionOrderSort2 (0ms)
			AwakeInstancesAfterBackupRestoration (12ms)
Platform modules already initialized, skipping
Refreshing native plugins compatible for Editor in 1.07 ms, found 3 plugins.
Preloading 0 native plugins for Editor in 0.00 ms.
Unloading 2949 Unused Serialized files (Serialized files now loaded: 0)
System memory in use before: 108.3 MB.
System memory in use after: 108.5 MB.

Unloading 17 unused Assets to reduce memory usage. Loaded Objects now: 3441.
Total: 5.143100 ms (FindLiveObjects: 0.418100 ms CreateObjectMapping: 0.184100 ms MarkObjects: 4.502800 ms  DeleteObjects: 0.035700 ms)

AssetImportParameters requested are different than current active one (requested -> active):
  custom:framework-win-MediaFoundation: 216162199b28c13a410421893ffa2e32 -> 
  custom:video-decoder-ogg-theora: a1e56fd34408186e4bbccfd4996cb3dc -> 
  custom:container-muxer-webm: aa71ff27fc2769a1b78a27578f13a17b -> 
  custom:container-demuxer-webm: 4f35f7cbe854078d1ac9338744f61a02 -> 
  custom:container-demuxer-ogg: 62fdf1f143b41e24485cea50d1cbac27 -> 
  custom:video-encoder-webm-vp8: eb34c28f22e8b96e1ab97ce403110664 -> 
  custom:video-decoder-webm-vp8: 9c59270c3fd7afecdb556c50c9e8de78 -> 
  custom:audio-decoder-ogg-vorbis: bf7c407c2cedff20999df2af8eb42d56 -> 
  custom:audio-encoder-webm-vorbis: bf7c407c2cedff20999df2af8eb42d56 -> 
========================================================================
Received Prepare
Registering precompiled user dll's ...
Registered in 0.007339 seconds.
Begin MonoManager ReloadAssembly
Symbol file LoadedFromMemory doesn't match image J:\Mesh-main\Mesh-main\Library\PackageCache\com.unity.visualscripting@1.6.1\Editor\VisualScripting.Core\Dependencies\YamlDotNet\Unity.VisualScripting.YamlDotNet.dll
Symbol file LoadedFromMemory doesn't match image J:\Mesh-main\Mesh-main\Library\PackageCache\com.unity.visualscripting@1.6.1\Editor\VisualScripting.Core\Dependencies\DotNetZip\Unity.VisualScripting.IonicZip.dll
Native extension for WindowsStandalone target not found
Refreshing native plugins compatible for Editor in 1.00 ms, found 3 plugins.
Preloading 0 native plugins for Editor in 0.00 ms.
Mono: successfully reloaded assembly
- Completed reload, in  1.971 seconds
Domain Reload Profiling:
	ReloadAssembly (1972ms)
		BeginReloadAssembly (190ms)
			ExecutionOrderSort (0ms)
			DisableScriptedObjects (9ms)
			BackupInstance (0ms)
			ReleaseScriptingObjects (0ms)
			CreateAndSetChildDomain (59ms)
		EndReloadAssembly (1671ms)
			LoadAssemblies (176ms)
			RebuildTransferFunctionScriptingTraits (0ms)
			SetupTypeCache (633ms)
			ReleaseScriptCaches (2ms)
			RebuildScriptCaches (75ms)
			SetupLoadedEditorAssemblies (607ms)
				LogAssemblyErrors (0ms)
				InitializePlatformSupportModulesInManaged (10ms)
				SetLoadedEditorAssemblies (1ms)
				RefreshPlugins (1ms)
				BeforeProcessingInitializeOnLoad (163ms)
				ProcessInitializeOnLoadAttributes (413ms)
				ProcessInitializeOnLoadMethodAttributes (13ms)
				AfterProcessingInitializeOnLoad (5ms)
				EditorAssembliesLoaded (0ms)
			ExecutionOrderSort2 (0ms)
			AwakeInstancesAfterBackupRestoration (18ms)
Platform modules already initialized, skipping
Refreshing native plugins compatible for Editor in 1.05 ms, found 3 plugins.
Preloading 0 native plugins for Editor in 0.00 ms.
Unloading 2949 Unused Serialized files (Serialized files now loaded: 0)
System memory in use before: 108.3 MB.
System memory in use after: 108.6 MB.

Unloading 17 unused Assets to reduce memory usage. Loaded Objects now: 3444.
Total: 4.524100 ms (FindLiveObjects: 0.395200 ms CreateObjectMapping: 0.184500 ms MarkObjects: 3.911600 ms  DeleteObjects: 0.030300 ms)

AssetImportParameters requested are different than current active one (requested -> active):
  custom:framework-win-MediaFoundation: 216162199b28c13a410421893ffa2e32 -> 
  custom:video-decoder-ogg-theora: a1e56fd34408186e4bbccfd4996cb3dc -> 
  custom:container-muxer-webm: aa71ff27fc2769a1b78a27578f13a17b -> 
  custom:container-demuxer-webm: 4f35f7cbe854078d1ac9338744f61a02 -> 
  custom:container-demuxer-ogg: 62fdf1f143b41e24485cea50d1cbac27 -> 
  custom:video-encoder-webm-vp8: eb34c28f22e8b96e1ab97ce403110664 -> 
  custom:video-decoder-webm-vp8: 9c59270c3fd7afecdb556c50c9e8de78 -> 
  custom:audio-decoder-ogg-vorbis: bf7c407c2cedff20999df2af8eb42d56 -> 
  custom:audio-encoder-webm-vorbis: bf7c407c2cedff20999df2af8eb42d56 -> 
========================================================================
Received Prepare
Registering precompiled user dll's ...
Registered in 0.007228 seconds.
Begin MonoManager ReloadAssembly
Symbol file LoadedFromMemory doesn't match image J:\Mesh-main\Mesh-main\Library\PackageCache\com.unity.visualscripting@1.6.1\Editor\VisualScripting.Core\Dependencies\YamlDotNet\Unity.VisualScripting.YamlDotNet.dll
Symbol file LoadedFromMemory doesn't match image J:\Mesh-main\Mesh-main\Library\PackageCache\com.unity.visualscripting@1.6.1\Editor\VisualScripting.Core\Dependencies\DotNetZip\Unity.VisualScripting.IonicZip.dll
Native extension for WindowsStandalone target not found
Refreshing native plugins compatible for Editor in 1.13 ms, found 3 plugins.
Preloading 0 native plugins for Editor in 0.00 ms.
Mono: successfully reloaded assembly
- Completed reload, in  3.828 seconds
Domain Reload Profiling:
	ReloadAssembly (3829ms)
		BeginReloadAssembly (291ms)
			ExecutionOrderSort (0ms)
			DisableScriptedObjects (14ms)
			BackupInstance (0ms)
			ReleaseScriptingObjects (0ms)
			CreateAndSetChildDomain (105ms)
		EndReloadAssembly (3390ms)
			LoadAssemblies (241ms)
			RebuildTransferFunctionScriptingTraits (0ms)
			SetupTypeCache (1438ms)
			ReleaseScriptCaches (3ms)
			RebuildScriptCaches (285ms)
			SetupLoadedEditorAssemblies (935ms)
				LogAssemblyErrors (0ms)
				InitializePlatformSupportModulesInManaged (19ms)
				SetLoadedEditorAssemblies (3ms)
				RefreshPlugins (4ms)
				BeforeProcessingInitializeOnLoad (314ms)
				ProcessInitializeOnLoadAttributes (575ms)
				ProcessInitializeOnLoadMethodAttributes (11ms)
				AfterProcessingInitializeOnLoad (6ms)
				EditorAssembliesLoaded (3ms)
			ExecutionOrderSort2 (0ms)
			AwakeInstancesAfterBackupRestoration (18ms)
Platform modules already initialized, skipping
Refreshing native plugins compatible for Editor in 1.17 ms, found 3 plugins.
Preloading 0 native plugins for Editor in 0.00 ms.
Unloading 2949 Unused Serialized files (Serialized files now loaded: 0)
System memory in use before: 108.4 MB.
System memory in use after: 108.6 MB.

Unloading 17 unused Assets to reduce memory usage. Loaded Objects now: 3447.
Total: 5.309700 ms (FindLiveObjects: 0.620500 ms CreateObjectMapping: 0.299700 ms MarkObjects: 4.358100 ms  DeleteObjects: 0.028700 ms)

AssetImportParameters requested are different than current active one (requested -> active):
  custom:framework-win-MediaFoundation: 216162199b28c13a410421893ffa2e32 -> 
  custom:video-decoder-ogg-theora: a1e56fd34408186e4bbccfd4996cb3dc -> 
  custom:container-muxer-webm: aa71ff27fc2769a1b78a27578f13a17b -> 
  custom:container-demuxer-webm: 4f35f7cbe854078d1ac9338744f61a02 -> 
  custom:container-demuxer-ogg: 62fdf1f143b41e24485cea50d1cbac27 -> 
  custom:video-encoder-webm-vp8: eb34c28f22e8b96e1ab97ce403110664 -> 
  custom:video-decoder-webm-vp8: 9c59270c3fd7afecdb556c50c9e8de78 -> 
  custom:audio-decoder-ogg-vorbis: bf7c407c2cedff20999df2af8eb42d56 -> 
  custom:audio-encoder-webm-vorbis: bf7c407c2cedff20999df2af8eb42d56 -> 
========================================================================
Received Prepare
Registering precompiled user dll's ...
Registered in 0.008679 seconds.
Begin MonoManager ReloadAssembly
Symbol file LoadedFromMemory doesn't match image J:\Mesh-main\Mesh-main\Library\PackageCache\com.unity.visualscripting@1.6.1\Editor\VisualScripting.Core\Dependencies\YamlDotNet\Unity.VisualScripting.YamlDotNet.dll
Symbol file LoadedFromMemory doesn't match image J:\Mesh-main\Mesh-main\Library\PackageCache\com.unity.visualscripting@1.6.1\Editor\VisualScripting.Core\Dependencies\DotNetZip\Unity.VisualScripting.IonicZip.dll
Native extension for WindowsStandalone target not found
Refreshing native plugins compatible for Editor in 1.22 ms, found 3 plugins.
Preloading 0 native plugins for Editor in 0.00 ms.
Mono: successfully reloaded assembly
- Completed reload, in  1.976 seconds
Domain Reload Profiling:
	ReloadAssembly (1977ms)
		BeginReloadAssembly (179ms)
			ExecutionOrderSort (0ms)
			DisableScriptedObjects (9ms)
			BackupInstance (0ms)
			ReleaseScriptingObjects (0ms)
			CreateAndSetChildDomain (54ms)
		EndReloadAssembly (1688ms)
			LoadAssemblies (159ms)
			RebuildTransferFunctionScriptingTraits (0ms)
			SetupTypeCache (607ms)
			ReleaseScriptCaches (2ms)
			RebuildScriptCaches (79ms)
			SetupLoadedEditorAssemblies (647ms)
				LogAssemblyErrors (0ms)
				InitializePlatformSupportModulesInManaged (9ms)
				SetLoadedEditorAssemblies (1ms)
				RefreshPlugins (1ms)
				BeforeProcessingInitializeOnLoad (182ms)
				ProcessInitializeOnLoadAttributes (442ms)
				ProcessInitializeOnLoadMethodAttributes (7ms)
				AfterProcessingInitializeOnLoad (5ms)
				EditorAssembliesLoaded (0ms)
			ExecutionOrderSort2 (0ms)
			AwakeInstancesAfterBackupRestoration (13ms)
Platform modules already initialized, skipping
Refreshing native plugins compatible for Editor in 3.31 ms, found 3 plugins.
Preloading 0 native plugins for Editor in 0.03 ms.
Unloading 2949 Unused Serialized files (Serialized files now loaded: 0)
System memory in use before: 108.4 MB.
System memory in use after: 108.6 MB.

Unloading 17 unused Assets to reduce memory usage. Loaded Objects now: 3450.
Total: 5.119300 ms (FindLiveObjects: 0.390900 ms CreateObjectMapping: 0.184300 ms MarkObjects: 4.513000 ms  DeleteObjects: 0.028500 ms)

AssetImportParameters requested are different than current active one (requested -> active):
  custom:framework-win-MediaFoundation: 216162199b28c13a410421893ffa2e32 -> 
  custom:video-decoder-ogg-theora: a1e56fd34408186e4bbccfd4996cb3dc -> 
  custom:container-muxer-webm: aa71ff27fc2769a1b78a27578f13a17b -> 
  custom:container-demuxer-webm: 4f35f7cbe854078d1ac9338744f61a02 -> 
  custom:container-demuxer-ogg: 62fdf1f143b41e24485cea50d1cbac27 -> 
  custom:video-encoder-webm-vp8: eb34c28f22e8b96e1ab97ce403110664 -> 
  custom:video-decoder-webm-vp8: 9c59270c3fd7afecdb556c50c9e8de78 -> 
  custom:audio-decoder-ogg-vorbis: bf7c407c2cedff20999df2af8eb42d56 -> 
  custom:audio-encoder-webm-vorbis: bf7c407c2cedff20999df2af8eb42d56 -> 
========================================================================
Received Import Request.
  Time since last request: 2630.806336 seconds.
  path: Assets/PlayerMovement.cs
  artifactKey: Guid(5a74c57b2679d6c409a2df4c1bc4bc1b) Importer(815301076,1909f56bfc062723c751e8b465ee728b)
Start importing Assets/PlayerMovement.cs using Guid(5a74c57b2679d6c409a2df4c1bc4bc1b) Importer(815301076,1909f56bfc062723c751e8b465ee728b)  -> (artifact id: 'f8b6efb08723313ec4b25d9c9e81ae5b') in 0.076968 seconds 
  Import took 0.107219 seconds .

========================================================================
Received Prepare
Registering precompiled user dll's ...
Registered in 0.013900 seconds.
Begin MonoManager ReloadAssembly
Symbol file LoadedFromMemory doesn't match image J:\Mesh-main\Mesh-main\Library\PackageCache\com.unity.visualscripting@1.6.1\Editor\VisualScripting.Core\Dependencies\YamlDotNet\Unity.VisualScripting.YamlDotNet.dll
Symbol file LoadedFromMemory doesn't match image J:\Mesh-main\Mesh-main\Library\PackageCache\com.unity.visualscripting@1.6.1\Editor\VisualScripting.Core\Dependencies\DotNetZip\Unity.VisualScripting.IonicZip.dll
Native extension for WindowsStandalone target not found
Refreshing native plugins compatible for Editor in 2.20 ms, found 3 plugins.
Preloading 0 native plugins for Editor in 0.00 ms.
Mono: successfully reloaded assembly
- Completed reload, in  6.553 seconds
Domain Reload Profiling:
	ReloadAssembly (6554ms)
		BeginReloadAssembly (382ms)
			ExecutionOrderSort (0ms)
			DisableScriptedObjects (25ms)
			BackupInstance (0ms)
			ReleaseScriptingObjects (0ms)
			CreateAndSetChildDomain (112ms)
		EndReloadAssembly (5811ms)
			LoadAssemblies (348ms)
			RebuildTransferFunctionScriptingTraits (0ms)
			SetupTypeCache (2315ms)
			ReleaseScriptCaches (2ms)
			RebuildScriptCaches (310ms)
			SetupLoadedEditorAssemblies (2250ms)
				LogAssemblyErrors (0ms)
				InitializePlatformSupportModulesInManaged (36ms)
				SetLoadedEditorAssemblies (1ms)
				RefreshPlugins (2ms)
				BeforeProcessingInitializeOnLoad (573ms)
				ProcessInitializeOnLoadAttributes (1561ms)
				ProcessInitializeOnLoadMethodAttributes (29ms)
				AfterProcessingInitializeOnLoad (42ms)
				EditorAssembliesLoaded (6ms)
			ExecutionOrderSort2 (0ms)
			AwakeInstancesAfterBackupRestoration (74ms)
Platform modules already initialized, skipping
Refreshing native plugins compatible for Editor in 1.07 ms, found 3 plugins.
Preloading 0 native plugins for Editor in 0.00 ms.
Unloading 2949 Unused Serialized files (Serialized files now loaded: 0)
System memory in use before: 108.4 MB.
System memory in use after: 108.6 MB.

Unloading 17 unused Assets to reduce memory usage. Loaded Objects now: 3453.
Total: 6.616300 ms (FindLiveObjects: 0.749000 ms CreateObjectMapping: 0.181400 ms MarkObjects: 5.567200 ms  DeleteObjects: 0.115800 ms)

AssetImportParameters requested are different than current active one (requested -> active):
  custom:framework-win-MediaFoundation: 216162199b28c13a410421893ffa2e32 -> 
  custom:video-decoder-ogg-theora: a1e56fd34408186e4bbccfd4996cb3dc -> 
  custom:container-muxer-webm: aa71ff27fc2769a1b78a27578f13a17b -> 
  custom:container-demuxer-webm: 4f35f7cbe854078d1ac9338744f61a02 -> 
  custom:container-demuxer-ogg: 62fdf1f143b41e24485cea50d1cbac27 -> 
  custom:video-encoder-webm-vp8: eb34c28f22e8b96e1ab97ce403110664 -> 
  custom:video-decoder-webm-vp8: 9c59270c3fd7afecdb556c50c9e8de78 -> 
  custom:audio-decoder-ogg-vorbis: bf7c407c2cedff20999df2af8eb42d56 -> 
  custom:audio-encoder-webm-vorbis: bf7c407c2cedff20999df2af8eb42d56 -> 
========================================================================
Received Import Request.
  Time since last request: 567.898869 seconds.
  path: Assets/Scripts/Control
  artifactKey: Guid(f39bc6864a0bffc46b2fb01029fb8c5d) Importer(815301076,1909f56bfc062723c751e8b465ee728b)
Start importing Assets/Scripts/Control using Guid(f39bc6864a0bffc46b2fb01029fb8c5d) Importer(815301076,1909f56bfc062723c751e8b465ee728b)  -> (artifact id: 'f28da00432571ce9f99aa48e30f27843') in 0.046000 seconds 
  Import took 0.076507 seconds .

========================================================================
Received Import Request.
  Time since last request: 15.307876 seconds.
  path: Assets/Prefab
  artifactKey: Guid(bc1b454531abbc747bdc08a52322ca70) Importer(815301076,1909f56bfc062723c751e8b465ee728b)
Start importing Assets/Prefab using Guid(bc1b454531abbc747bdc08a52322ca70) Importer(815301076,1909f56bfc062723c751e8b465ee728b)  -> (artifact id: '371e10c362a50d8a940fdb68e1fdf980') in 0.009681 seconds 
  Import took 0.017522 seconds .

========================================================================
Received Import Request.
  Time since last request: 3.073895 seconds.
  path: Assets/Prefabs
  artifactKey: Guid(bc1b454531abbc747bdc08a52322ca70) Importer(815301076,1909f56bfc062723c751e8b465ee728b)
Start importing Assets/Prefabs using Guid(bc1b454531abbc747bdc08a52322ca70) Importer(815301076,1909f56bfc062723c751e8b465ee728b)  -> (artifact id: '4395e0d63e9c458588f732711097db71') in 0.009050 seconds 
  Import took 0.017538 seconds .

========================================================================
Received Prepare
Registering precompiled user dll's ...
Registered in 0.007076 seconds.
Begin MonoManager ReloadAssembly
Symbol file LoadedFromMemory doesn't match image J:\Mesh-main\Mesh-main\Library\PackageCache\com.unity.visualscripting@1.6.1\Editor\VisualScripting.Core\Dependencies\YamlDotNet\Unity.VisualScripting.YamlDotNet.dll
Symbol file LoadedFromMemory doesn't match image J:\Mesh-main\Mesh-main\Library\PackageCache\com.unity.visualscripting@1.6.1\Editor\VisualScripting.Core\Dependencies\DotNetZip\Unity.VisualScripting.IonicZip.dll
Native extension for WindowsStandalone target not found
Refreshing native plugins compatible for Editor in 1.07 ms, found 3 plugins.
Preloading 0 native plugins for Editor in 0.00 ms.
Mono: successfully reloaded assembly
- Completed reload, in  1.959 seconds
Domain Reload Profiling:
	ReloadAssembly (1959ms)
		BeginReloadAssembly (182ms)
			ExecutionOrderSort (0ms)
			DisableScriptedObjects (10ms)
			BackupInstance (0ms)
			ReleaseScriptingObjects (0ms)
			CreateAndSetChildDomain (57ms)
		EndReloadAssembly (1673ms)
			LoadAssemblies (159ms)
			RebuildTransferFunctionScriptingTraits (0ms)
			SetupTypeCache (635ms)
			ReleaseScriptCaches (2ms)
			RebuildScriptCaches (107ms)
			SetupLoadedEditorAssemblies (587ms)
				LogAssemblyErrors (0ms)
				InitializePlatformSupportModulesInManaged (12ms)
				SetLoadedEditorAssemblies (1ms)
				RefreshPlugins (1ms)
				BeforeProcessingInitializeOnLoad (173ms)
				ProcessInitializeOnLoadAttributes (388ms)
				ProcessInitializeOnLoadMethodAttributes (7ms)
				AfterProcessingInitializeOnLoad (5ms)
				EditorAssembliesLoaded (0ms)
			ExecutionOrderSort2 (0ms)
			AwakeInstancesAfterBackupRestoration (13ms)
Platform modules already initialized, skipping
Refreshing native plugins compatible for Editor in 1.01 ms, found 3 plugins.
Preloading 0 native plugins for Editor in 0.00 ms.
Unloading 2949 Unused Serialized files (Serialized files now loaded: 0)
System memory in use before: 108.4 MB.
System memory in use after: 108.6 MB.

Unloading 17 unused Assets to reduce memory usage. Loaded Objects now: 3456.
Total: 6.135500 ms (FindLiveObjects: 0.599600 ms CreateObjectMapping: 0.182600 ms MarkObjects: 5.233400 ms  DeleteObjects: 0.054100 ms)

AssetImportParameters requested are different than current active one (requested -> active):
  custom:framework-win-MediaFoundation: 216162199b28c13a410421893ffa2e32 -> 
  custom:video-decoder-ogg-theora: a1e56fd34408186e4bbccfd4996cb3dc -> 
  custom:container-muxer-webm: aa71ff27fc2769a1b78a27578f13a17b -> 
  custom:container-demuxer-webm: 4f35f7cbe854078d1ac9338744f61a02 -> 
  custom:container-demuxer-ogg: 62fdf1f143b41e24485cea50d1cbac27 -> 
  custom:video-encoder-webm-vp8: eb34c28f22e8b96e1ab97ce403110664 -> 
  custom:video-decoder-webm-vp8: 9c59270c3fd7afecdb556c50c9e8de78 -> 
  custom:audio-decoder-ogg-vorbis: bf7c407c2cedff20999df2af8eb42d56 -> 
  custom:audio-encoder-webm-vorbis: bf7c407c2cedff20999df2af8eb42d56 -> 
========================================================================
Received Import Request.
  Time since last request: 806.512933 seconds.
  path: Assets/red-brick-wall-texture-background-2049479.jpg
  artifactKey: Guid(cbdc19ba4977baa4b8505a146b7ea0d0) Importer(815301076,1909f56bfc062723c751e8b465ee728b)
Start importing Assets/red-brick-wall-texture-background-2049479.jpg using Guid(cbdc19ba4977baa4b8505a146b7ea0d0) Importer(815301076,1909f56bfc062723c751e8b465ee728b)  -> (artifact id: 'fb1ec2c8a4643aff4ba908b40faa9cb7') in 0.234290 seconds 
  Import took 0.264511 seconds .

========================================================================
Received Import Request.
  Time since last request: 199.680632 seconds.
  path: Assets/istockphoto-598228948-1024x1024.jpg
  artifactKey: Guid(094137de32f5e2540b81e07eadde63de) Importer(815301076,1909f56bfc062723c751e8b465ee728b)
Start importing Assets/istockphoto-598228948-1024x1024.jpg using Guid(094137de32f5e2540b81e07eadde63de) Importer(815301076,1909f56bfc062723c751e8b465ee728b)  -> (artifact id: '421f044e130ceae573d893ccafa38f15') in 0.057450 seconds 
  Import took 0.101610 seconds .

AssetImportWorkerClient::OnTransportError - code=2 error=End of file
